app/build/intermediates/manifest_merge_blame_file/debug/manifest-merger-blame-debug-report.txt
1<?xml version="1.0" encoding="utf-8"?>
2<manifest xmlns:android="http://schemas.android.com/apk/res/android"
3    package="com.example.myplants"
4    android:versionCode="1"
5    android:versionName="1.0" >
6
7    <uses-sdk
8        android:minSdkVersion="23"
8-->src\main\AndroidManifest.xml
9        android:targetSdkVersion="30" />
9-->src\main\AndroidManifest.xml
10
11    <!-- Although the *SdkVersion is captured in gradle build files, this is required for non gradle builds -->
12    <!-- <uses-sdk android:minSdkVersion="14"/> -->
13    <uses-permission android:name="android.permission.ACCESS_NETWORK_STATE" />
13-->[com.google.firebase:firebase-database:20.0.1] AndroidManifest.xml:25:5-79
13-->[com.google.firebase:firebase-database:20.0.1] AndroidManifest.xml:25:22-76
14    <uses-permission android:name="android.permission.INTERNET" />
14-->[com.google.firebase:firebase-database:20.0.1] AndroidManifest.xml:26:5-67
14-->[com.google.firebase:firebase-database:20.0.1] AndroidManifest.xml:26:22-64
15    <uses-permission android:name="android.permission.WAKE_LOCK" />
15-->[com.google.android.gms:play-services-measurement-api:19.0.0] AndroidManifest.xml:24:5-68
15-->[com.google.android.gms:play-services-measurement-api:19.0.0] AndroidManifest.xml:24:22-65
16    <uses-permission android:name="com.google.android.finsky.permission.BIND_GET_INSTALL_REFERRER_SERVICE" />
16-->[com.google.android.gms:play-services-measurement:19.0.0] AndroidManifest.xml:26:5-110
16-->[com.google.android.gms:play-services-measurement:19.0.0] AndroidManifest.xml:26:22-107
17
18    <application
18-->src\main\AndroidManifest.xml:5:5-19:19
19        android:allowBackup="true"
19-->src\main\AndroidManifest.xml:6:9-35
20        android:appComponentFactory="androidx.core.app.CoreComponentFactory"
20-->[androidx.core:core:1.5.0] AndroidManifest.xml:24:18-86
21        android:debuggable="true"
22        android:extractNativeLibs="false"
23        android:icon="@mipmap/ic_launcher"
23-->src\main\AndroidManifest.xml:7:9-43
24        android:label="@string/app_name"
24-->src\main\AndroidManifest.xml:8:9-41
25        android:roundIcon="@mipmap/ic_launcher_round"
25-->src\main\AndroidManifest.xml:9:9-54
26        android:supportsRtl="true"
26-->src\main\AndroidManifest.xml:10:9-35
27        android:testOnly="true"
28        android:theme="@style/AppTheme" >
28-->src\main\AndroidManifest.xml:11:9-40
29        <activity android:name="com.example.myplants.MainActivity" >
29-->src\main\AndroidManifest.xml:12:9-18:20
29-->src\main\AndroidManifest.xml:12:19-47
30            <intent-filter>
30-->src\main\AndroidManifest.xml:13:13-17:29
31                <action android:name="android.intent.action.MAIN" />
31-->src\main\AndroidManifest.xml:14:17-69
31-->src\main\AndroidManifest.xml:14:25-66
32
33                <category android:name="android.intent.category.LAUNCHER" />
33-->src\main\AndroidManifest.xml:16:17-77
33-->src\main\AndroidManifest.xml:16:27-74
34            </intent-filter>
35        </activity>
36
37        <service
37-->[com.google.firebase:firebase-database:20.0.1] AndroidManifest.xml:29:9-35:19
38            android:name="com.google.firebase.components.ComponentDiscoveryService"
38-->[com.google.firebase:firebase-database:20.0.1] AndroidManifest.xml:30:13-84
39            android:directBootAware="true"
39-->[com.google.firebase:firebase-common:20.0.0] AndroidManifest.xml:35:13-43
40            android:exported="false" >
40-->[com.google.firebase:firebase-database:20.0.1] AndroidManifest.xml:31:13-37
41            <meta-data
41-->[com.google.firebase:firebase-database:20.0.1] AndroidManifest.xml:32:13-34:85
42                android:name="com.google.firebase.components:com.google.firebase.database.DatabaseRegistrar"
42-->[com.google.firebase:firebase-database:20.0.1] AndroidManifest.xml:33:17-109
43                android:value="com.google.firebase.components.ComponentRegistrar" />
43-->[com.google.firebase:firebase-database:20.0.1] AndroidManifest.xml:34:17-82
44            <meta-data
44-->[com.google.android.gms:play-services-measurement-api:19.0.0] AndroidManifest.xml:30:13-32:85
45                android:name="com.google.firebase.components:com.google.firebase.analytics.connector.internal.AnalyticsConnectorRegistrar"
45-->[com.google.android.gms:play-services-measurement-api:19.0.0] AndroidManifest.xml:31:17-139
46                android:value="com.google.firebase.components.ComponentRegistrar" />
46-->[com.google.android.gms:play-services-measurement-api:19.0.0] AndroidManifest.xml:32:17-82
47            <meta-data
47-->[com.google.firebase:firebase-installations:17.0.0] AndroidManifest.xml:18:13-20:85
48                android:name="com.google.firebase.components:com.google.firebase.installations.FirebaseInstallationsRegistrar"
48-->[com.google.firebase:firebase-installations:17.0.0] AndroidManifest.xml:19:17-127
49                android:value="com.google.firebase.components.ComponentRegistrar" />
49-->[com.google.firebase:firebase-installations:17.0.0] AndroidManifest.xml:20:17-82
50        </service>
51
52        <provider
52-->[com.google.firebase:firebase-common:20.0.0] AndroidManifest.xml:26:9-31:39
53            android:name="com.google.firebase.provider.FirebaseInitProvider"
53-->[com.google.firebase:firebase-common:20.0.0] AndroidManifest.xml:27:13-77
54            android:authorities="com.example.myplants.firebaseinitprovider"
54-->[com.google.firebase:firebase-common:20.0.0] AndroidManifest.xml:28:13-72
55            android:directBootAware="true"
55-->[com.google.firebase:firebase-common:20.0.0] AndroidManifest.xml:29:13-43
56            android:exported="false"
56-->[com.google.firebase:firebase-common:20.0.0] AndroidManifest.xml:30:13-37
57            android:initOrder="100" />
57-->[com.google.firebase:firebase-common:20.0.0] AndroidManifest.xml:31:13-36
58
59        <receiver
59-->[com.google.android.gms:play-services-measurement:19.0.0] AndroidManifest.xml:29:9-33:20
60            android:name="com.google.android.gms.measurement.AppMeasurementReceiver"
60-->[com.google.android.gms:play-services-measurement:19.0.0] AndroidManifest.xml:30:13-85
61            android:enabled="true"
61-->[com.google.android.gms:play-services-measurement:19.0.0] AndroidManifest.xml:31:13-35
62            android:exported="false" >
62-->[com.google.android.gms:play-services-measurement:19.0.0] AndroidManifest.xml:32:13-37
63        </receiver>
64
65        <service
65-->[com.google.android.gms:play-services-measurement:19.0.0] AndroidManifest.xml:35:9-38:40
66            android:name="com.google.android.gms.measurement.AppMeasurementService"
66-->[com.google.android.gms:play-services-measurement:19.0.0] AndroidManifest.xml:36:13-84
67            android:enabled="true"
67-->[com.google.android.gms:play-services-measurement:19.0.0] AndroidManifest.xml:37:13-35
68            android:exported="false" />
68-->[com.google.android.gms:play-services-measurement:19.0.0] AndroidManifest.xml:38:13-37
69        <service
69-->[com.google.android.gms:play-services-measurement:19.0.0] AndroidManifest.xml:39:9-43:72
70            android:name="com.google.android.gms.measurement.AppMeasurementJobService"
70-->[com.google.android.gms:play-services-measurement:19.0.0] AndroidManifest.xml:40:13-87
71            android:enabled="true"
71-->[com.google.android.gms:play-services-measurement:19.0.0] AndroidManifest.xml:41:13-35
72            android:exported="false"
72-->[com.google.android.gms:play-services-measurement:19.0.0] AndroidManifest.xml:42:13-37
73            android:permission="android.permission.BIND_JOB_SERVICE" />
73-->[com.google.android.gms:play-services-measurement:19.0.0] AndroidManifest.xml:43:13-69
74
75        <activity
75-->[com.google.android.gms:play-services-base:17.1.0] AndroidManifest.xml:23:9-26:75
76            android:name="com.google.android.gms.common.api.GoogleApiActivity"
76-->[com.google.android.gms:play-services-base:17.1.0] AndroidManifest.xml:24:13-79
77            android:exported="false"
77-->[com.google.android.gms:play-services-base:17.1.0] AndroidManifest.xml:25:13-37
78            android:theme="@android:style/Theme.Translucent.NoTitleBar" />
78-->[com.google.android.gms:play-services-base:17.1.0] AndroidManifest.xml:26:13-72
79
80        <meta-data
80-->[com.google.android.gms:play-services-basement:17.0.0] AndroidManifest.xml:23:9-25:69
81            android:name="com.google.android.gms.version"
81-->[com.google.android.gms:play-services-basement:17.0.0] AndroidManifest.xml:24:13-58
82            android:value="@integer/google_play_services_version" />
82-->[com.google.android.gms:play-services-basement:17.0.0] AndroidManifest.xml:25:13-66
83    </application>
84
85</manifest>